2021-01-24 09:28:19,099 INFO [RAFT-NOTIFIER] datum is deleted, key: com.alibaba.nacos.naming.domains.meta.public##DEFAULT_GROUP@@youlai-auth

2021-01-24 09:28:19,113 INFO [RAFT-NOTIFIER] datum is deleted, key: com.alibaba.nacos.naming.domains.meta.public##DEFAULT_GROUP@@youlai-auth

2021-01-24 09:28:19,114 INFO [RAFT-NOTIFIER] datum is deleted, key: com.alibaba.nacos.naming.domains.meta.public##DEFAULT_GROUP@@youlai-auth

2021-01-24 09:28:19,114 INFO [RAFT-NOTIFIER] datum is deleted, key: com.alibaba.nacos.naming.domains.meta.public##DEFAULT_GROUP@@youlai-auth

2021-01-24 09:28:19,114 INFO [RAFT-NOTIFIER] datum is deleted, key: com.alibaba.nacos.naming.domains.meta.public##DEFAULT_GROUP@@youlai-auth

2021-01-24 09:28:19,114 INFO [RAFT-NOTIFIER] datum is deleted, key: com.alibaba.nacos.naming.domains.meta.public##DEFAULT_GROUP@@youlai-auth

2021-01-24 09:28:19,114 INFO [RAFT-NOTIFIER] datum is deleted, key: com.alibaba.nacos.naming.domains.meta.public##DEFAULT_GROUP@@youlai-auth

2021-01-24 09:28:19,115 INFO [RAFT-NOTIFIER] datum is deleted, key: com.alibaba.nacos.naming.domains.meta.public##DEFAULT_GROUP@@youlai-auth

2021-01-24 09:28:19,115 INFO [RAFT-NOTIFIER] datum is deleted, key: com.alibaba.nacos.naming.domains.meta.public##DEFAULT_GROUP@@youlai-auth

2021-01-24 09:28:19,115 INFO [RAFT-NOTIFIER] datum is deleted, key: com.alibaba.nacos.naming.domains.meta.public##DEFAULT_GROUP@@youlai-auth

2021-01-24 09:28:19,115 INFO [RAFT-NOTIFIER] datum is deleted, key: com.alibaba.nacos.naming.domains.meta.public##DEFAULT_GROUP@@youlai-auth

2021-01-24 09:28:19,116 INFO [RAFT-NOTIFIER] datum is deleted, key: com.alibaba.nacos.naming.domains.meta.public##DEFAULT_GROUP@@youlai-auth

2021-01-24 09:28:19,116 INFO [RAFT-NOTIFIER] datum is deleted, key: com.alibaba.nacos.naming.domains.meta.public##DEFAULT_GROUP@@youlai-auth

2021-01-24 09:28:19,116 INFO [RAFT-NOTIFIER] datum is deleted, key: com.alibaba.nacos.naming.domains.meta.public##DEFAULT_GROUP@@youlai-auth

2021-01-24 09:28:19,117 INFO [RAFT-NOTIFIER] datum is deleted, key: com.alibaba.nacos.naming.domains.meta.public##DEFAULT_GROUP@@youlai-auth

2021-01-24 09:28:19,117 INFO [RAFT-NOTIFIER] datum is deleted, key: com.alibaba.nacos.naming.domains.meta.public##DEFAULT_GROUP@@youlai-auth

2021-01-24 09:28:20,404 INFO add listener: com.alibaba.nacos.naming.iplist.public##DEFAULT_GROUP@@youlai-auth

2021-01-25 12:56:49,158 INFO raft peers changed: [Member{ip='192.168.1.104', port=8848, state=UP, extendInfo={raftPort=7848}}]

2021-01-25 12:56:49,184 INFO initializing Raft sub-system

2021-01-25 12:56:49,184 INFO finish loading all datums, size: 0 cost 0 ms.

2021-01-25 12:56:49,198 INFO cache loaded, datum count: 0, current term: 14876

2021-01-25 12:56:49,198 INFO finish to load data from disk, cost: 14 ms.

2021-01-25 12:56:49,202 INFO timer started: leader timeout ms: 15000, heart-beat timeout ms: 5000

2021-01-25 12:56:49,811 INFO add listener: com.alibaba.nacos.naming.domains.meta.00-00---000-NACOS_SWITCH_DOMAIN-000---00-00

2021-01-25 12:56:49,824 INFO add listener: com.alibaba.nacos.naming.domains.meta.

2021-01-25 12:56:54,147 WARN start to close old raft protocol!!!

2021-01-25 12:56:54,147 WARN stop old raft protocol task for notifier

2021-01-25 12:56:54,147 WARN stop old raft protocol task for master task

2021-01-25 12:56:54,147 WARN stop old raft protocol task for heartbeat task

2021-01-25 12:56:54,147 WARN clean old cache datum for old raft

2021-01-25 12:56:54,147 WARN start to close old raft protocol!!!

2021-01-25 12:56:54,147 WARN stop old raft protocol task for notifier

2021-01-25 12:56:54,147 WARN stop old raft protocol task for master task

2021-01-25 12:56:54,147 WARN stop old raft protocol task for heartbeat task

2021-01-25 12:56:54,147 WARN clean old cache datum for old raft

2021-01-25 12:56:54,147 WARN start to move old raft protocol metadata

2021-01-25 12:56:54,148 WARN start to move old raft protocol metadata

2021-01-25 12:56:54,149 INFO raft peers changed: [Member{ip='192.168.1.104', port=8848, state=UP, extendInfo={lastRefreshTime=1611550614148, raftPort=7848, version=1.4.1}}]

2021-01-25 12:58:13,260 INFO add listener: com.alibaba.nacos.naming.iplist.public##DEFAULT_GROUP@@youlai-admin

2021-01-25 12:58:22,575 INFO add listener: com.alibaba.nacos.naming.iplist.public##DEFAULT_GROUP@@mall-ums

2021-01-25 12:58:30,993 INFO add listener: com.alibaba.nacos.naming.iplist.public##DEFAULT_GROUP@@youlai-gateway

2021-01-25 12:58:40,590 INFO add listener: com.alibaba.nacos.naming.iplist.public##DEFAULT_GROUP@@youlai-auth

