2020-10-10 00:00:13,737 INFO PERFORMANCE:|4|4|-1|-1

2020-10-10 00:05:13,741 INFO PERFORMANCE:|4|4|-1|-1

2020-10-10 00:10:13,742 INFO PERFORMANCE:|4|4|-1|-1

2020-10-10 00:15:13,744 INFO PERFORMANCE:|4|4|-1|-1

2020-10-10 00:20:13,746 INFO PERFORMANCE:|4|4|-1|-1

2020-10-10 00:25:13,747 INFO PERFORMANCE:|4|4|-1|-1

2020-10-10 00:30:13,749 INFO PERFORMANCE:|4|4|-1|-1

2020-10-10 00:35:13,751 INFO PERFORMANCE:|4|4|-1|-1

2020-10-10 00:40:13,751 INFO PERFORMANCE:|4|4|-1|-1

2020-10-10 00:45:13,752 INFO PERFORMANCE:|4|4|-1|-1

2020-10-10 00:50:13,752 INFO PERFORMANCE:|4|4|-1|-1

2020-10-10 00:55:13,754 INFO PERFORMANCE:|4|4|-1|-1

2020-10-10 01:00:13,755 INFO PERFORMANCE:|4|4|-1|-1

2020-10-10 01:05:13,757 INFO PERFORMANCE:|4|4|-1|-1

2020-10-10 01:10:13,757 INFO PERFORMANCE:|4|4|-1|-1

2020-10-10 01:15:13,758 INFO PERFORMANCE:|4|4|-1|-1

2020-10-10 01:20:13,759 INFO PERFORMANCE:|4|4|-1|-1

2020-10-10 01:25:13,760 INFO PERFORMANCE:|4|4|-1|-1

2020-10-10 01:30:13,762 INFO PERFORMANCE:|4|4|-1|-1

2020-10-10 01:35:13,763 INFO PERFORMANCE:|4|4|-1|-1

2020-10-10 01:40:13,765 INFO PERFORMANCE:|4|4|-1|-1

2020-10-10 01:45:13,767 INFO PERFORMANCE:|4|4|-1|-1

2020-10-10 01:50:13,769 INFO PERFORMANCE:|4|4|-1|-1

2020-10-10 01:55:13,770 INFO PERFORMANCE:|4|4|-1|-1

2020-10-10 02:00:13,772 INFO PERFORMANCE:|4|4|-1|-1

2020-10-10 02:05:13,773 INFO PERFORMANCE:|4|4|-1|-1

2020-10-10 02:10:13,775 INFO PERFORMANCE:|4|4|-1|-1

2020-10-10 02:15:13,777 INFO PERFORMANCE:|4|4|-1|-1

2020-10-10 02:20:13,779 INFO PERFORMANCE:|4|4|-1|-1

2020-10-10 02:25:13,780 INFO PERFORMANCE:|4|4|-1|-1

2020-10-10 02:30:13,781 INFO PERFORMANCE:|4|4|-1|-1

2020-10-10 02:35:13,783 INFO PERFORMANCE:|4|4|-1|-1

2020-10-10 02:40:13,784 INFO PERFORMANCE:|4|4|-1|-1

2020-10-10 02:45:13,785 INFO PERFORMANCE:|4|4|-1|-1

2020-10-10 02:50:13,785 INFO PERFORMANCE:|4|4|-1|-1

2020-10-10 02:55:13,792 INFO PERFORMANCE:|4|4|-1|-1

2020-10-10 03:00:13,809 INFO PERFORMANCE:|4|4|-1|-1

2020-10-10 03:05:13,824 INFO PERFORMANCE:|4|4|-1|-1

2020-10-10 03:10:13,839 INFO PERFORMANCE:|4|4|-1|-1

2020-10-10 03:15:13,856 INFO PERFORMANCE:|4|4|-1|-1

2020-10-10 03:20:13,872 INFO PERFORMANCE:|4|4|-1|-1

2020-10-10 03:25:13,889 INFO PERFORMANCE:|4|4|-1|-1

2020-10-10 03:30:13,905 INFO PERFORMANCE:|4|4|-1|-1

2020-10-10 03:35:13,921 INFO PERFORMANCE:|4|4|-1|-1

2020-10-10 03:40:13,937 INFO PERFORMANCE:|4|4|-1|-1

2020-10-10 03:45:13,954 INFO PERFORMANCE:|4|4|-1|-1

2020-10-10 03:50:13,970 INFO PERFORMANCE:|4|4|-1|-1

2020-10-10 03:55:13,981 INFO PERFORMANCE:|4|4|-1|-1

2020-10-10 04:00:13,985 INFO PERFORMANCE:|4|4|-1|-1

2020-10-10 04:05:13,988 INFO PERFORMANCE:|4|4|-1|-1

2020-10-10 04:10:13,990 INFO PERFORMANCE:|4|4|-1|-1

2020-10-10 04:15:13,993 INFO PERFORMANCE:|4|4|-1|-1

2020-10-10 04:20:13,996 INFO PERFORMANCE:|4|4|-1|-1

2020-10-10 04:25:14,000 INFO PERFORMANCE:|4|4|-1|-1

2020-10-10 04:30:14,002 INFO PERFORMANCE:|4|4|-1|-1

2020-10-10 04:35:14,005 INFO PERFORMANCE:|4|4|-1|-1

2020-10-10 04:40:14,008 INFO PERFORMANCE:|4|4|-1|-1

2020-10-10 04:45:14,012 INFO PERFORMANCE:|4|4|-1|-1

2020-10-10 04:50:14,015 INFO PERFORMANCE:|4|4|-1|-1

2020-10-10 04:55:14,018 INFO PERFORMANCE:|4|4|-1|-1

2020-10-10 05:00:14,018 INFO PERFORMANCE:|4|4|-1|-1

2020-10-10 05:05:14,020 INFO PERFORMANCE:|4|4|-1|-1

2020-10-10 05:10:14,022 INFO PERFORMANCE:|4|4|-1|-1

2020-10-10 05:15:14,023 INFO PERFORMANCE:|4|4|-1|-1

2020-10-10 05:20:14,025 INFO PERFORMANCE:|4|4|-1|-1

2020-10-10 05:25:14,027 INFO PERFORMANCE:|4|4|-1|-1

2020-10-10 05:30:14,029 INFO PERFORMANCE:|4|4|-1|-1

2020-10-10 05:35:14,030 INFO PERFORMANCE:|4|4|-1|-1

2020-10-10 05:40:14,032 INFO PERFORMANCE:|4|4|-1|-1

2020-10-10 05:45:14,034 INFO PERFORMANCE:|4|4|-1|-1

2020-10-10 05:50:14,035 INFO PERFORMANCE:|4|4|-1|-1

2020-10-10 05:55:14,036 INFO PERFORMANCE:|4|4|-1|-1

2020-10-10 06:00:14,038 INFO PERFORMANCE:|4|4|-1|-1

2020-10-10 06:05:14,039 INFO PERFORMANCE:|4|4|-1|-1

2020-10-10 06:10:14,041 INFO PERFORMANCE:|4|4|-1|-1

2020-10-10 06:15:14,041 INFO PERFORMANCE:|4|4|-1|-1

2020-10-10 06:20:14,044 INFO PERFORMANCE:|4|4|-1|-1

2020-10-10 06:25:14,045 INFO PERFORMANCE:|4|4|-1|-1

2020-10-10 06:30:14,047 INFO PERFORMANCE:|4|4|-1|-1

2020-10-10 06:35:14,047 INFO PERFORMANCE:|4|4|-1|-1

2020-10-10 06:40:14,049 INFO PERFORMANCE:|4|4|-1|-1

2020-10-10 06:45:14,050 INFO PERFORMANCE:|4|4|-1|-1

2020-10-10 06:50:14,052 INFO PERFORMANCE:|4|4|-1|-1

2020-10-10 06:55:14,053 INFO PERFORMANCE:|4|4|-1|-1

2020-10-10 07:00:14,055 INFO PERFORMANCE:|4|4|-1|-1

2020-10-10 07:05:14,055 INFO PERFORMANCE:|4|4|-1|-1

2020-10-10 07:10:14,057 INFO PERFORMANCE:|4|4|-1|-1

2020-10-10 07:15:14,058 INFO PERFORMANCE:|4|4|-1|-1

2020-10-10 07:20:14,060 INFO PERFORMANCE:|4|4|-1|-1

2020-10-10 07:25:14,062 INFO PERFORMANCE:|4|4|-1|-1

2020-10-10 07:30:14,062 INFO PERFORMANCE:|4|4|-1|-1

2020-10-10 07:35:14,064 INFO PERFORMANCE:|4|4|-1|-1

2020-10-10 07:40:14,065 INFO PERFORMANCE:|4|4|-1|-1

2020-10-10 07:45:14,066 INFO PERFORMANCE:|4|4|-1|-1

2020-10-10 07:50:14,066 INFO PERFORMANCE:|4|4|-1|-1

2020-10-10 07:55:14,068 INFO PERFORMANCE:|4|4|-1|-1

2020-10-10 08:00:14,069 INFO PERFORMANCE:|4|4|-1|-1

2020-10-10 08:05:14,071 INFO PERFORMANCE:|4|4|-1|-1

2020-10-10 08:10:14,071 INFO PERFORMANCE:|4|4|-1|-1

2020-10-10 08:15:14,073 INFO PERFORMANCE:|4|4|-1|-1

2020-10-10 08:20:14,074 INFO PERFORMANCE:|4|4|-1|-1

2020-10-10 08:25:14,075 INFO PERFORMANCE:|4|4|-1|-1

2020-10-10 08:30:14,075 INFO PERFORMANCE:|4|4|-1|-1

2020-10-10 08:35:14,077 INFO PERFORMANCE:|4|4|-1|-1

2020-10-10 08:40:14,078 INFO PERFORMANCE:|4|4|-1|-1

2020-10-10 08:45:14,079 INFO PERFORMANCE:|4|4|-1|-1

2020-10-10 08:50:14,080 INFO PERFORMANCE:|4|4|-1|-1

2020-10-10 08:55:14,082 INFO PERFORMANCE:|4|4|-1|-1

2020-10-10 09:00:14,083 INFO PERFORMANCE:|4|4|-1|-1

2020-10-10 09:05:14,085 INFO PERFORMANCE:|4|4|-1|-1

2020-10-10 09:10:14,087 INFO PERFORMANCE:|4|4|-1|-1

2020-10-10 09:15:14,088 INFO PERFORMANCE:|4|4|-1|-1

2020-10-10 09:20:14,090 INFO PERFORMANCE:|4|4|-1|-1

2020-10-10 09:25:14,092 INFO PERFORMANCE:|4|4|-1|-1

2020-10-10 09:30:14,093 INFO PERFORMANCE:|3|3|-1|-1

2020-10-10 09:35:14,095 INFO PERFORMANCE:|4|3|-1|-1

2020-10-10 09:40:14,096 INFO PERFORMANCE:|3|3|-1|-1

2020-10-10 09:45:14,098 INFO PERFORMANCE:|3|3|-1|-1

2020-10-10 09:50:14,100 INFO PERFORMANCE:|3|3|-1|-1

2020-10-10 09:55:14,101 INFO PERFORMANCE:|4|4|-1|-1

2020-10-10 10:00:14,103 INFO PERFORMANCE:|4|4|-1|-1

2020-10-10 10:05:14,104 INFO PERFORMANCE:|4|4|-1|-1

2020-10-10 10:10:14,106 INFO PERFORMANCE:|4|4|-1|-1

2020-10-10 10:15:14,107 INFO PERFORMANCE:|4|4|-1|-1

2020-10-10 10:20:14,107 INFO PERFORMANCE:|4|4|-1|-1

2020-10-10 10:25:14,109 INFO PERFORMANCE:|4|4|-1|-1

2020-10-10 10:30:14,110 INFO PERFORMANCE:|4|4|1|1

2020-10-10 10:35:14,111 INFO PERFORMANCE:|4|3|-1|-1

2020-10-10 10:40:14,113 INFO PERFORMANCE:|4|4|-1|-1

2020-10-10 10:45:14,115 INFO PERFORMANCE:|4|3|-1|-1

2020-10-10 10:50:14,117 INFO PERFORMANCE:|4|4|-1|-1

2020-10-10 10:55:14,118 INFO PERFORMANCE:|4|4|1|1

2020-10-10 11:00:14,120 INFO PERFORMANCE:|4|4|1|1

2020-10-10 11:05:14,121 INFO PERFORMANCE:|3|3|-1|-1

2020-10-10 11:10:14,123 INFO PERFORMANCE:|3|3|-1|-1

2020-10-10 11:15:14,125 INFO PERFORMANCE:|4|4|-1|-1

2020-10-10 11:20:14,125 INFO PERFORMANCE:|4|3|-1|-1

2020-10-10 11:25:14,126 INFO PERFORMANCE:|3|3|-1|-1

2020-10-10 11:30:14,128 INFO PERFORMANCE:|3|3|-1|-1

2020-10-10 11:35:14,129 INFO PERFORMANCE:|3|3|-1|-1

2020-10-10 11:40:14,131 INFO PERFORMANCE:|3|3|-1|-1

2020-10-10 11:45:14,131 INFO PERFORMANCE:|3|3|-1|-1

2020-10-10 11:50:14,132 INFO PERFORMANCE:|4|4|1|1

2020-10-10 11:55:14,134 INFO PERFORMANCE:|4|4|-1|-1

2020-10-10 12:00:14,138 INFO PERFORMANCE:|4|4|-1|-1

2020-10-10 12:05:14,151 INFO PERFORMANCE:|4|4|-1|-1

2020-10-10 12:10:14,166 INFO PERFORMANCE:|4|4|-1|-1

2020-10-10 12:15:14,181 INFO PERFORMANCE:|4|4|-1|-1

2020-10-10 12:20:14,196 INFO PERFORMANCE:|4|4|-1|-1

2020-10-10 12:25:14,210 INFO PERFORMANCE:|4|4|-1|-1

2020-10-10 12:30:14,224 INFO PERFORMANCE:|4|4|-1|-1

2020-10-10 12:35:14,238 INFO PERFORMANCE:|4|4|-1|-1

2020-10-10 12:40:14,253 INFO PERFORMANCE:|4|4|-1|-1

2020-10-10 12:45:14,267 INFO PERFORMANCE:|4|4|-1|-1

2020-10-10 12:50:14,281 INFO PERFORMANCE:|4|4|-1|-1

2020-10-10 12:55:14,297 INFO PERFORMANCE:|4|4|-1|-1

2020-10-10 13:00:14,311 INFO PERFORMANCE:|4|4|-1|-1

2020-10-10 13:05:14,314 INFO PERFORMANCE:|4|4|-1|-1

2020-10-10 13:10:14,317 INFO PERFORMANCE:|4|3|-1|-1

2020-10-10 13:15:14,319 INFO PERFORMANCE:|4|4|-1|-1

2020-10-10 13:20:14,335 INFO PERFORMANCE:|4|4|-1|-1

2020-10-10 13:25:14,340 INFO PERFORMANCE:|4|4|-1|-1

2020-10-10 13:30:14,343 INFO PERFORMANCE:|4|4|-1|-1

2020-10-10 13:35:14,346 INFO PERFORMANCE:|4|4|-1|-1

2020-10-10 13:40:14,349 INFO PERFORMANCE:|4|4|-1|-1

2020-10-10 13:45:14,352 INFO PERFORMANCE:|4|4|-1|-1

2020-10-10 13:50:14,355 INFO PERFORMANCE:|4|4|-1|-1

2020-10-10 13:55:14,358 INFO PERFORMANCE:|4|4|-1|-1

2020-10-10 14:00:14,366 INFO PERFORMANCE:|4|4|-1|-1

2020-10-10 14:05:14,367 INFO PERFORMANCE:|4|4|-1|-1

2020-10-10 14:10:14,368 INFO PERFORMANCE:|4|4|-1|-1

2020-10-10 14:15:14,370 INFO PERFORMANCE:|4|4|-1|-1

2020-10-10 14:20:14,372 INFO PERFORMANCE:|4|4|-1|-1

2020-10-10 14:25:14,375 INFO PERFORMANCE:|4|4|-1|-1

2020-10-10 14:30:14,376 INFO PERFORMANCE:|4|4|-1|-1

2020-10-10 14:35:14,377 INFO PERFORMANCE:|4|4|-1|-1

2020-10-10 14:40:14,379 INFO PERFORMANCE:|4|4|-1|-1

2020-10-10 14:45:14,381 INFO PERFORMANCE:|4|4|-1|-1

2020-10-10 14:50:14,383 INFO PERFORMANCE:|4|4|-1|-1

2020-10-10 14:55:14,384 INFO PERFORMANCE:|4|4|-1|-1

2020-10-10 15:00:14,386 INFO PERFORMANCE:|4|4|-1|-1

2020-10-10 15:05:14,387 INFO PERFORMANCE:|4|4|-1|-1

2020-10-10 15:10:14,388 INFO PERFORMANCE:|4|4|-1|-1

2020-10-10 15:15:14,389 INFO PERFORMANCE:|4|4|-1|-1

2020-10-10 15:20:14,391 INFO PERFORMANCE:|4|4|-1|-1

2020-10-10 15:25:14,391 INFO PERFORMANCE:|4|4|-1|-1

2020-10-10 15:30:14,393 INFO PERFORMANCE:|4|4|-1|-1

2020-10-10 15:35:14,393 INFO PERFORMANCE:|4|4|-1|-1

2020-10-10 15:40:14,394 INFO PERFORMANCE:|4|4|-1|-1

2020-10-10 15:45:14,395 INFO PERFORMANCE:|4|4|-1|-1

2020-10-10 15:50:14,396 INFO PERFORMANCE:|4|4|-1|-1

2020-10-10 15:55:14,396 INFO PERFORMANCE:|4|4|-1|-1

2020-10-10 16:00:14,399 INFO PERFORMANCE:|4|4|-1|-1

2020-10-10 16:05:14,400 INFO PERFORMANCE:|4|4|-1|-1

2020-10-10 16:10:14,402 INFO PERFORMANCE:|4|4|-1|-1

2020-10-10 16:15:14,403 INFO PERFORMANCE:|4|4|-1|-1

2020-10-10 16:20:14,417 INFO PERFORMANCE:|4|4|-1|-1

2020-10-10 16:25:14,428 INFO PERFORMANCE:|4|4|-1|-1

2020-10-10 16:30:14,430 INFO PERFORMANCE:|4|4|-1|-1

2020-10-10 16:35:14,433 INFO PERFORMANCE:|4|4|-1|-1

2020-10-10 16:40:14,433 INFO PERFORMANCE:|4|4|-1|-1

2020-10-10 16:45:14,436 INFO PERFORMANCE:|4|4|-1|-1

2020-10-10 16:50:14,438 INFO PERFORMANCE:|4|4|-1|-1

2020-10-10 16:55:14,439 INFO PERFORMANCE:|4|4|-1|-1

2020-10-10 17:00:14,441 INFO PERFORMANCE:|4|4|-1|-1

2020-10-10 17:05:14,442 INFO PERFORMANCE:|4|4|-1|-1

2020-10-10 17:10:14,443 INFO PERFORMANCE:|4|4|-1|-1

2020-10-10 17:15:14,444 INFO PERFORMANCE:|4|4|-1|-1

2020-10-10 17:20:14,445 INFO PERFORMANCE:|4|4|-1|-1

2020-10-10 17:25:14,447 INFO PERFORMANCE:|4|4|-1|-1

2020-10-10 17:30:14,448 INFO PERFORMANCE:|4|4|-1|-1

2020-10-10 17:35:14,450 INFO PERFORMANCE:|4|4|-1|-1

2020-10-10 17:40:14,451 INFO PERFORMANCE:|4|4|-1|-1

2020-10-10 17:45:14,453 INFO PERFORMANCE:|4|4|-1|-1

2020-10-10 17:50:14,455 INFO PERFORMANCE:|4|4|-1|-1

2020-10-10 17:55:14,457 INFO PERFORMANCE:|4|4|-1|-1

2020-10-10 18:00:14,459 INFO PERFORMANCE:|4|4|-1|-1

2020-10-10 18:05:14,460 INFO PERFORMANCE:|4|4|-1|-1

2020-10-10 18:10:14,462 INFO PERFORMANCE:|4|4|-1|-1

2020-10-10 18:15:14,463 INFO PERFORMANCE:|4|4|-1|-1

2020-10-10 18:20:14,464 INFO PERFORMANCE:|4|4|-1|-1

2020-10-10 18:25:14,466 INFO PERFORMANCE:|4|4|-1|-1

2020-10-10 18:30:14,467 INFO PERFORMANCE:|4|4|-1|-1

2020-10-10 18:35:14,469 INFO PERFORMANCE:|4|4|-1|-1

2020-10-10 18:40:14,471 INFO PERFORMANCE:|4|4|-1|-1

2020-10-10 18:45:14,473 INFO PERFORMANCE:|4|4|-1|-1

2020-10-10 18:50:14,474 INFO PERFORMANCE:|4|4|-1|-1

2020-10-10 18:55:14,476 INFO PERFORMANCE:|4|4|-1|-1

2020-10-10 19:00:14,477 INFO PERFORMANCE:|4|4|-1|-1

2020-10-10 19:05:14,479 INFO PERFORMANCE:|4|4|-1|-1

2020-10-10 19:10:14,480 INFO PERFORMANCE:|4|4|-1|-1

2020-10-10 19:15:14,482 INFO PERFORMANCE:|4|4|-1|-1

2020-10-10 19:20:14,483 INFO PERFORMANCE:|4|4|-1|-1

2020-10-10 19:25:14,485 INFO PERFORMANCE:|4|4|-1|-1

2020-10-10 19:30:14,487 INFO PERFORMANCE:|4|4|-1|-1

2020-10-10 19:35:14,487 INFO PERFORMANCE:|4|4|-1|-1

2020-10-10 19:40:14,489 INFO PERFORMANCE:|4|4|-1|-1

2020-10-10 19:45:14,491 INFO PERFORMANCE:|4|4|-1|-1

2020-10-10 19:50:14,492 INFO PERFORMANCE:|4|4|-1|-1

2020-10-10 19:55:14,494 INFO PERFORMANCE:|4|4|-1|-1

